[2026-02-16 17:08:24,019][trainers.base_trainer][INFO] - Exp path : checkpoints/CIFAR10/dirichlet0.3/TestAdaptive
[2026-02-16 17:08:37,733][trainers.base_trainer][INFO] - Trainer: <class 'trainers.base_trainer.Trainer'>, client: <class 'clients.base_client.Client'>, server: <class 'servers.base.ServerAdaptive'>, evaler: <class 'evalers.base_evaler.Evaler'>
[2026-02-16 17:08:41,063][trainers.base_trainer][INFO] - Global epoch 0, Selected client : [2 8 4 9 1]
[2026-02-16 17:08:42,667][clients.base_client][INFO] - Class counts : [1276 1211  984  824  488  125   44   31    9    8]
[2026-02-16 17:11:15,420][trainers.base_trainer][INFO] - Exp path : checkpoints/CIFAR10/dirichlet0.3/TestAdaptiveFast
[2026-02-16 17:11:27,405][trainers.base_trainer][INFO] - Trainer: <class 'trainers.base_trainer.Trainer'>, client: <class 'clients.base_client.Client'>, server: <class 'servers.base.ServerAdaptive'>, evaler: <class 'evalers.base_evaler.Evaler'>
[2026-02-16 17:11:30,740][trainers.base_trainer][INFO] - Global epoch 0, Selected client : [2 0]
[2026-02-16 17:11:33,539][clients.base_client][INFO] - Class counts : [2669 2525 1929 1823  530  233  157  101   33]
[2026-02-16 17:13:55,680][clients.base_client][INFO] - [C2] End. Time: 142.14s, Loss: 2.058
[2026-02-16 17:13:58,370][clients.base_client][INFO] - Class counts : [4735 1591 1496  650  563  500  237  226    2]
[2026-02-16 17:16:09,724][clients.base_client][INFO] - [C0] End. Time: 131.35s, Loss: 1.929
[2026-02-16 17:16:09,990][trainers.base_trainer][INFO] - Global epoch 0, Train End. Total Time: 279.18s
[2026-02-16 17:19:12,232][trainers.base_trainer][INFO] - Exp path : checkpoints/CIFAR10/dirichlet0.3/TestBaselineFast
[2026-02-16 17:19:12,494][trainers.base_trainer][INFO] - Trainer: <class 'trainers.base_trainer.Trainer'>, client: <class 'clients.base_client.Client'>, server: <class 'servers.base.ServerM'>, evaler: <class 'evalers.base_evaler.Evaler'>
[2026-02-16 17:19:15,713][trainers.base_trainer][INFO] - Global epoch 0, Selected client : [2 0]
[2026-02-16 17:19:18,223][clients.base_client][INFO] - Class counts : [2669 2525 1929 1823  530  233  157  101   33]
[2026-02-16 17:21:32,031][clients.base_client][INFO] - [C2] End. Time: 133.80s, Loss: 2.052
[2026-02-16 17:21:34,607][clients.base_client][INFO] - Class counts : [4735 1591 1496  650  563  500  237  226    2]
[2026-02-16 17:23:51,002][clients.base_client][INFO] - [C0] End. Time: 136.39s, Loss: 1.941
[2026-02-16 17:23:51,272][trainers.base_trainer][INFO] - Global epoch 0, Train End. Total Time: 275.49s
[2026-02-20 00:10:11,740][trainers.base_trainer][INFO] - Exp path : checkpoints/CIFAR10/dirichlet0.3/DebugAdaptive
[2026-02-20 00:10:30,626][trainers.base_trainer][INFO] - Trainer: <class 'trainers.base_trainer.Trainer'>, client: <class 'clients.base_client.Client'>, server: <class 'servers.base.ServerAdaptive'>, evaler: <class 'evalers.base_evaler.Evaler'>
[2026-02-20 00:10:35,625][trainers.base_trainer][INFO] - Global epoch 0, Selected client : range(0, 2)
[2026-02-20 00:10:45,076][clients.base_client][INFO] - Class counts : [5000 4594 4467 3075 2722 2495 1339 1302    6]
[2026-02-20 00:11:12,050][trainers.base_trainer][INFO] - Exp path : checkpoints/CIFAR10/dirichlet0.3/DebugAdaptiveFast
[2026-02-20 00:11:12,212][trainers.base_trainer][INFO] - Trainer: <class 'trainers.base_trainer.Trainer'>, client: <class 'clients.base_client.Client'>, server: <class 'servers.base.ServerAdaptive'>, evaler: <class 'evalers.base_evaler.Evaler'>
[2026-02-20 00:11:17,266][trainers.base_trainer][INFO] - Global epoch 0, Selected client : range(0, 2)
[2026-02-20 00:11:26,955][clients.base_client][INFO] - Class counts : [5000 4594 4467 3075 2722 2495 1339 1302    6]
[2026-02-22 13:45:20,778][trainers.base_trainer][INFO] - Exp path : checkpoints/CIFAR10/dirichlet0.3/TestRun
[2026-02-22 13:45:21,310][trainers.base_trainer][INFO] - Trainer: <class 'trainers.base_trainer.Trainer'>, client: <class 'clients.base_client.Client'>, server: <class 'servers.base.ServerAdaptive'>, evaler: <class 'evalers.base_evaler.Evaler'>
[2026-02-22 13:45:27,414][trainers.base_trainer][INFO] - Global epoch 0, Selected client : [0, 1]
[2026-02-22 13:45:29,914][clients.base_client][INFO] - Class counts : [3098  595  563  218  184  180   89   72    1]
[2026-02-22 18:12:00,075][trainers.base_trainer][INFO] - Exp path : checkpoints/CIFAR100/dirichlet0.3/base
[2026-02-22 18:12:23,553][trainers.base_trainer][INFO] - Trainer: <class 'trainers.base_trainer.Trainer'>, client: <class 'clients.base_client.Client'>, server: <class 'servers.base.Server'>, evaler: <class 'evalers.base_evaler.Evaler'>
[2026-02-22 18:12:29,259][trainers.base_trainer][INFO] - Global epoch 0, Selected client : [0, 1, 2, 3, 4]
[2026-02-22 18:12:31,810][clients.base_client][INFO] - Class counts : [408 377 325 278 278 274 180 177 169 128 115 114 107  97  91  86  82  73
  72  72  71  71  71  66  62  62  60  54  53  49  48  45  43  42  42  41
  40  39  36  33  32  31  31  30  30  29  25  25  25  20  20  14  14  14
  13  13  11  10   9   8   6   5   5   5   4   4   4   4   3   3   3   3
   2   2   2   2   2   1   1   1   1   1   1]
[2026-02-22 18:16:05,819][trainers.base_trainer][INFO] - Exp path : checkpoints/CIFAR100/dirichlet0.3/base
[2026-02-22 18:16:06,259][trainers.base_trainer][INFO] - Trainer: <class 'trainers.base_trainer.Trainer'>, client: <class 'clients.base_client.Client'>, server: <class 'servers.base.Server'>, evaler: <class 'evalers.base_evaler.Evaler'>
[2026-02-22 18:16:11,943][trainers.base_trainer][INFO] - Global epoch 0, Selected client : [0, 1, 2, 3, 4]
[2026-02-22 18:16:14,483][clients.base_client][INFO] - Class counts : [408 377 325 278 278 274 180 177 169 128 115 114 107  97  91  86  82  73
  72  72  71  71  71  66  62  62  60  54  53  49  48  45  43  42  42  41
  40  39  36  33  32  31  31  30  30  29  25  25  25  20  20  14  14  14
  13  13  11  10   9   8   6   5   5   5   4   4   4   4   3   3   3   3
   2   2   2   2   2   1   1   1   1   1   1]
[2026-02-22 18:23:09,274][clients.base_client][INFO] - [C0] End. Time: 414.79s, Loss: 3.576
[2026-02-22 18:23:11,882][clients.base_client][INFO] - Class counts : [398 374 310 278 260 217 213 181 154 151 150 146 134 120 113 113 113  97
  90  86  79  77  77  71  67  65  61  57  56  52  50  46  45  38  36  31
  31  30  24  24  21  20  20  18  18  16  15  10  10  10  10   9   9   9
   8   8   7   6   6   6   5   5   5   4   4   3   2   2   2   2   2   2
   2   2   2   1   1   1   1   1]
